2021-10-09 22:17:37,373 INFO    MainThread:18036 [internal.py:wandb_internal():86] W&B internal server running at pid: 18036, started at: 2021-10-09 22:17:37.363653
2021-10-09 22:17:37,376 INFO    WriterThread:18036 [datastore.py:open_for_write():77] open: C:\report\OgeettiiBot\server\wandb\run-20211009_221733-1fsizyod\run-1fsizyod.wandb
2021-10-09 22:17:37,377 DEBUG   HandlerThread:18036 [handler.py:handle_request():126] handle_request: check_version
2021-10-09 22:17:37,381 DEBUG   SenderThread:18036 [sender.py:send():185] send: header
2021-10-09 22:17:37,381 DEBUG   SenderThread:18036 [sender.py:send_request():199] send_request: check_version
2021-10-09 22:17:42,398 DEBUG   SenderThread:18036 [sender.py:send():185] send: run
2021-10-09 22:17:42,439 DEBUG   SenderThread:18036 [git.py:repo():33] git repository is invalid
2021-10-09 22:17:44,248 INFO    SenderThread:18036 [dir_watcher.py:__init__():169] watching files in: C:\report\OgeettiiBot\server\wandb\run-20211009_221733-1fsizyod\files
2021-10-09 22:17:44,248 INFO    SenderThread:18036 [sender.py:_start_run_threads():746] run started: 1fsizyod with start time 1633807053
2021-10-09 22:17:44,249 DEBUG   SenderThread:18036 [sender.py:send():185] send: summary
2021-10-09 22:17:44,251 DEBUG   HandlerThread:18036 [handler.py:handle_request():126] handle_request: run_start
2021-10-09 22:17:44,253 INFO    SenderThread:18036 [sender.py:_save_file():879] saving file wandb-summary.json with policy end
2021-10-09 22:17:44,288 DEBUG   HandlerThread:18036 [meta.py:__init__():40] meta init
2021-10-09 22:17:44,292 DEBUG   HandlerThread:18036 [meta.py:__init__():54] meta init done
2021-10-09 22:17:44,292 DEBUG   HandlerThread:18036 [meta.py:probe():211] probe
2021-10-09 22:17:44,294 DEBUG   HandlerThread:18036 [git.py:repo():33] git repository is invalid
2021-10-09 22:17:44,294 DEBUG   HandlerThread:18036 [meta.py:_save_pip():58] save pip
2021-10-09 22:17:44,333 DEBUG   HandlerThread:18036 [meta.py:_save_pip():72] save pip done
2021-10-09 22:17:44,333 DEBUG   HandlerThread:18036 [meta.py:_save_conda():79] save conda
2021-10-09 22:17:44,337 ERROR   HandlerThread:18036 [meta.py:_save_conda():86] Error saving conda packages
Traceback (most recent call last):
  File "C:\Users\GB\anaconda3\envs\deepLearn\lib\site-packages\wandb\sdk\internal\meta.py", line 84, in _save_conda
    subprocess.call(["conda", "env", "export"], stdout=f)
  File "C:\Users\GB\anaconda3\envs\deepLearn\lib\subprocess.py", line 340, in call
    with Popen(*popenargs, **kwargs) as p:
  File "C:\Users\GB\anaconda3\envs\deepLearn\lib\subprocess.py", line 858, in __init__
    self._execute_child(args, executable, preexec_fn, close_fds,
  File "C:\Users\GB\anaconda3\envs\deepLearn\lib\subprocess.py", line 1311, in _execute_child
    hp, ht, pid, tid = _winapi.CreateProcess(executable, args,
FileNotFoundError: [WinError 2] The system cannot find the file specified
2021-10-09 22:17:44,339 DEBUG   HandlerThread:18036 [meta.py:_save_conda():87] save conda done
2021-10-09 22:17:44,340 DEBUG   HandlerThread:18036 [meta.py:probe():249] probe done
2021-10-09 22:17:44,350 DEBUG   SenderThread:18036 [sender.py:send():185] send: files
2021-10-09 22:17:44,350 INFO    SenderThread:18036 [sender.py:_save_file():879] saving file wandb-metadata.json with policy now
2021-10-09 22:17:44,362 DEBUG   HandlerThread:18036 [handler.py:handle_request():126] handle_request: stop_status
2021-10-09 22:17:44,363 DEBUG   SenderThread:18036 [sender.py:send_request():199] send_request: stop_status
2021-10-09 22:17:45,258 INFO    Thread-12 :18036 [dir_watcher.py:_on_file_created():217] file/dir created: C:\report\OgeettiiBot\server\wandb\run-20211009_221733-1fsizyod\files\wandb-metadata.json
2021-10-09 22:17:45,259 INFO    Thread-12 :18036 [dir_watcher.py:_on_file_created():217] file/dir created: C:\report\OgeettiiBot\server\wandb\run-20211009_221733-1fsizyod\files\conda-environment.yaml
2021-10-09 22:17:45,259 INFO    Thread-12 :18036 [dir_watcher.py:_on_file_created():217] file/dir created: C:\report\OgeettiiBot\server\wandb\run-20211009_221733-1fsizyod\files\requirements.txt
2021-10-09 22:17:45,260 INFO    Thread-12 :18036 [dir_watcher.py:_on_file_created():217] file/dir created: C:\report\OgeettiiBot\server\wandb\run-20211009_221733-1fsizyod\files\output.log
2021-10-09 22:17:45,260 INFO    Thread-12 :18036 [dir_watcher.py:_on_file_created():217] file/dir created: C:\report\OgeettiiBot\server\wandb\run-20211009_221733-1fsizyod\files\wandb-summary.json
2021-10-09 22:17:49,821 INFO    Thread-15 :18036 [upload_job.py:push():137] Uploaded file C:\Users\GB\AppData\Local\Temp\tmp4kd4szjmwandb\18rdk83s-wandb-metadata.json
2021-10-09 22:18:02,634 DEBUG   HandlerThread:18036 [handler.py:handle_request():126] handle_request: stop_status
2021-10-09 22:18:02,634 DEBUG   SenderThread:18036 [sender.py:send_request():199] send_request: stop_status
2021-10-09 22:18:15,570 DEBUG   SenderThread:18036 [sender.py:send():185] send: stats
2021-10-09 22:18:25,175 DEBUG   HandlerThread:18036 [handler.py:handle_request():126] handle_request: stop_status
2021-10-09 22:18:25,175 DEBUG   SenderThread:18036 [sender.py:send_request():199] send_request: stop_status
2021-10-09 22:18:42,705 DEBUG   HandlerThread:18036 [handler.py:handle_request():126] handle_request: stop_status
2021-10-09 22:18:42,705 DEBUG   SenderThread:18036 [sender.py:send_request():199] send_request: stop_status
2021-10-09 22:18:49,223 DEBUG   SenderThread:18036 [sender.py:send():185] send: stats
2021-10-09 22:18:58,948 DEBUG   HandlerThread:18036 [handler.py:handle_request():126] handle_request: stop_status
2021-10-09 22:18:58,948 DEBUG   SenderThread:18036 [sender.py:send_request():199] send_request: stop_status
2021-10-09 22:19:18,152 DEBUG   HandlerThread:18036 [handler.py:handle_request():126] handle_request: stop_status
2021-10-09 22:19:18,152 DEBUG   SenderThread:18036 [sender.py:send_request():199] send_request: stop_status
2021-10-09 22:19:22,767 DEBUG   SenderThread:18036 [sender.py:send():185] send: stats
2021-10-09 22:19:34,457 DEBUG   HandlerThread:18036 [handler.py:handle_request():126] handle_request: stop_status
2021-10-09 22:19:34,458 DEBUG   SenderThread:18036 [sender.py:send_request():199] send_request: stop_status
2021-10-09 22:19:50,892 DEBUG   HandlerThread:18036 [handler.py:handle_request():126] handle_request: stop_status
2021-10-09 22:19:50,892 DEBUG   SenderThread:18036 [sender.py:send_request():199] send_request: stop_status
2021-10-09 22:20:08,490 DEBUG   SenderThread:18036 [sender.py:send():185] send: stats
2021-10-09 22:20:23,583 DEBUG   HandlerThread:18036 [handler.py:handle_request():126] handle_request: stop_status
2021-10-09 22:20:23,583 DEBUG   SenderThread:18036 [sender.py:send_request():199] send_request: stop_status
2021-10-09 22:20:29,808 DEBUG   SenderThread:18036 [sender.py:send():185] send: stats
2021-10-09 22:20:40,149 DEBUG   HandlerThread:18036 [handler.py:handle_request():126] handle_request: stop_status
2021-10-09 22:20:40,149 DEBUG   SenderThread:18036 [sender.py:send_request():199] send_request: stop_status
2021-10-09 22:20:58,209 DEBUG   HandlerThread:18036 [handler.py:handle_request():126] handle_request: stop_status
2021-10-09 22:20:58,209 DEBUG   SenderThread:18036 [sender.py:send_request():199] send_request: stop_status
2021-10-09 22:21:03,395 DEBUG   SenderThread:18036 [sender.py:send():185] send: stats
2021-10-09 22:21:14,443 DEBUG   HandlerThread:18036 [handler.py:handle_request():126] handle_request: stop_status
2021-10-09 22:21:14,443 DEBUG   SenderThread:18036 [sender.py:send_request():199] send_request: stop_status
2021-10-09 22:21:32,422 DEBUG   HandlerThread:18036 [handler.py:handle_request():126] handle_request: stop_status
2021-10-09 22:21:32,422 DEBUG   SenderThread:18036 [sender.py:send_request():199] send_request: stop_status
2021-10-09 22:21:37,942 DEBUG   SenderThread:18036 [sender.py:send():185] send: stats
2021-10-09 22:21:53,050 DEBUG   HandlerThread:18036 [handler.py:handle_request():126] handle_request: stop_status
2021-10-09 22:21:53,050 DEBUG   SenderThread:18036 [sender.py:send_request():199] send_request: stop_status
2021-10-09 22:22:10,278 DEBUG   HandlerThread:18036 [handler.py:handle_request():126] handle_request: stop_status
2021-10-09 22:22:10,278 DEBUG   SenderThread:18036 [sender.py:send_request():199] send_request: stop_status
2021-10-09 22:22:11,423 DEBUG   SenderThread:18036 [sender.py:send():185] send: stats
2021-10-09 22:22:26,508 DEBUG   HandlerThread:18036 [handler.py:handle_request():126] handle_request: stop_status
2021-10-09 22:22:26,508 DEBUG   SenderThread:18036 [sender.py:send_request():199] send_request: stop_status
2021-10-09 22:22:43,371 DEBUG   HandlerThread:18036 [handler.py:handle_request():126] handle_request: stop_status
2021-10-09 22:22:43,371 DEBUG   SenderThread:18036 [sender.py:send_request():199] send_request: stop_status
2021-10-09 22:22:51,017 DEBUG   SenderThread:18036 [sender.py:send():185] send: stats
2021-10-09 22:23:06,163 DEBUG   HandlerThread:18036 [handler.py:handle_request():126] handle_request: stop_status
2021-10-09 22:23:06,163 DEBUG   SenderThread:18036 [sender.py:send_request():199] send_request: stop_status
2021-10-09 22:23:17,429 DEBUG   SenderThread:18036 [sender.py:send():185] send: stats
2021-10-09 22:23:23,891 DEBUG   HandlerThread:18036 [handler.py:handle_request():126] handle_request: stop_status
2021-10-09 22:23:23,891 DEBUG   SenderThread:18036 [sender.py:send_request():199] send_request: stop_status
2021-10-09 22:23:46,150 DEBUG   HandlerThread:18036 [handler.py:handle_request():126] handle_request: stop_status
2021-10-09 22:23:46,150 DEBUG   SenderThread:18036 [sender.py:send_request():199] send_request: stop_status
2021-10-09 22:23:50,970 DEBUG   SenderThread:18036 [sender.py:send():185] send: stats
2021-10-09 22:24:06,064 DEBUG   HandlerThread:18036 [handler.py:handle_request():126] handle_request: stop_status
2021-10-09 22:24:06,065 DEBUG   SenderThread:18036 [sender.py:send_request():199] send_request: stop_status
2021-10-09 22:24:22,770 DEBUG   HandlerThread:18036 [handler.py:handle_request():126] handle_request: stop_status
2021-10-09 22:24:22,770 DEBUG   SenderThread:18036 [sender.py:send_request():199] send_request: stop_status
2021-10-09 22:24:31,425 DEBUG   SenderThread:18036 [sender.py:send():185] send: stats
2021-10-09 22:24:46,507 DEBUG   HandlerThread:18036 [handler.py:handle_request():126] handle_request: stop_status
2021-10-09 22:24:46,507 DEBUG   SenderThread:18036 [sender.py:send_request():199] send_request: stop_status
2021-10-09 22:24:57,763 DEBUG   SenderThread:18036 [sender.py:send():185] send: stats
2021-10-09 22:25:03,081 DEBUG   HandlerThread:18036 [handler.py:handle_request():126] handle_request: stop_status
2021-10-09 22:25:03,081 DEBUG   SenderThread:18036 [sender.py:send_request():199] send_request: stop_status
2021-10-09 22:25:22,156 DEBUG   HandlerThread:18036 [handler.py:handle_request():126] handle_request: stop_status
2021-10-09 22:25:22,156 DEBUG   SenderThread:18036 [sender.py:send_request():199] send_request: stop_status
2021-10-09 22:25:30,771 DEBUG   SenderThread:18036 [sender.py:send():185] send: stats
2021-10-09 22:25:38,919 DEBUG   HandlerThread:18036 [handler.py:handle_request():126] handle_request: stop_status
2021-10-09 22:25:38,919 DEBUG   SenderThread:18036 [sender.py:send_request():199] send_request: stop_status
2021-10-09 22:25:57,976 DEBUG   HandlerThread:18036 [handler.py:handle_request():126] handle_request: stop_status
2021-10-09 22:25:57,976 DEBUG   SenderThread:18036 [sender.py:send_request():199] send_request: stop_status
2021-10-09 22:26:08,199 DEBUG   SenderThread:18036 [sender.py:send():185] send: stats
2021-10-09 22:26:23,308 DEBUG   HandlerThread:18036 [handler.py:handle_request():126] handle_request: stop_status
2021-10-09 22:26:23,308 DEBUG   SenderThread:18036 [sender.py:send_request():199] send_request: stop_status
2021-10-09 22:26:37,986 DEBUG   SenderThread:18036 [sender.py:send():185] send: stats
2021-10-09 22:26:39,157 DEBUG   HandlerThread:18036 [handler.py:handle_request():126] handle_request: stop_status
2021-10-09 22:26:39,157 DEBUG   SenderThread:18036 [sender.py:send_request():199] send_request: stop_status
2021-10-09 22:26:59,130 DEBUG   HandlerThread:18036 [handler.py:handle_request():126] handle_request: stop_status
2021-10-09 22:26:59,130 DEBUG   SenderThread:18036 [sender.py:send_request():199] send_request: stop_status
2021-10-09 22:27:11,519 DEBUG   SenderThread:18036 [sender.py:send():185] send: stats
2021-10-09 22:27:16,806 DEBUG   HandlerThread:18036 [handler.py:handle_request():126] handle_request: stop_status
2021-10-09 22:27:16,806 DEBUG   SenderThread:18036 [sender.py:send_request():199] send_request: stop_status
2021-10-09 22:27:38,196 DEBUG   HandlerThread:18036 [handler.py:handle_request():126] handle_request: stop_status
2021-10-09 22:27:38,196 DEBUG   SenderThread:18036 [sender.py:send_request():199] send_request: stop_status
2021-10-09 22:27:45,049 DEBUG   SenderThread:18036 [sender.py:send():185] send: stats
2021-10-09 22:27:56,819 DEBUG   HandlerThread:18036 [handler.py:handle_request():126] handle_request: stop_status
2021-10-09 22:27:56,820 DEBUG   SenderThread:18036 [sender.py:send_request():199] send_request: stop_status
2021-10-09 22:28:18,535 DEBUG   SenderThread:18036 [sender.py:send():185] send: stats
2021-10-09 22:28:20,182 DEBUG   HandlerThread:18036 [handler.py:handle_request():126] handle_request: stop_status
2021-10-09 22:28:20,182 DEBUG   SenderThread:18036 [sender.py:send_request():199] send_request: stop_status
2021-10-09 22:28:36,919 DEBUG   HandlerThread:18036 [handler.py:handle_request():126] handle_request: stop_status
2021-10-09 22:28:36,919 DEBUG   SenderThread:18036 [sender.py:send_request():199] send_request: stop_status
2021-10-09 22:28:52,068 DEBUG   SenderThread:18036 [sender.py:send():185] send: stats
2021-10-09 22:29:00,853 DEBUG   HandlerThread:18036 [handler.py:handle_request():126] handle_request: stop_status
2021-10-09 22:29:00,853 DEBUG   SenderThread:18036 [sender.py:send_request():199] send_request: stop_status
2021-10-09 22:29:25,659 DEBUG   SenderThread:18036 [sender.py:send():185] send: stats
2021-10-09 22:29:30,970 DEBUG   HandlerThread:18036 [handler.py:handle_request():126] handle_request: stop_status
2021-10-09 22:29:30,970 DEBUG   SenderThread:18036 [sender.py:send_request():199] send_request: stop_status
2021-10-09 22:29:55,801 DEBUG   HandlerThread:18036 [handler.py:handle_request():126] handle_request: stop_status
2021-10-09 22:29:55,801 DEBUG   SenderThread:18036 [sender.py:send_request():199] send_request: stop_status
2021-10-09 22:29:59,318 DEBUG   SenderThread:18036 [sender.py:send():185] send: stats
2021-10-09 22:30:13,050 DEBUG   HandlerThread:18036 [handler.py:handle_request():126] handle_request: stop_status
2021-10-09 22:30:13,050 DEBUG   SenderThread:18036 [sender.py:send_request():199] send_request: stop_status
2021-10-09 22:30:33,030 DEBUG   SenderThread:18036 [sender.py:send():185] send: stats
2021-10-09 22:30:33,678 DEBUG   HandlerThread:18036 [handler.py:handle_request():126] handle_request: stop_status
2021-10-09 22:30:33,678 DEBUG   SenderThread:18036 [sender.py:send_request():199] send_request: stop_status
2021-10-09 22:30:50,561 DEBUG   HandlerThread:18036 [handler.py:handle_request():126] handle_request: stop_status
2021-10-09 22:30:50,561 DEBUG   SenderThread:18036 [sender.py:send_request():199] send_request: stop_status
2021-10-09 22:31:06,512 DEBUG   SenderThread:18036 [sender.py:send():185] send: stats
2021-10-09 22:31:07,104 DEBUG   HandlerThread:18036 [handler.py:handle_request():126] handle_request: stop_status
2021-10-09 22:31:07,104 DEBUG   SenderThread:18036 [sender.py:send_request():199] send_request: stop_status
2021-10-09 22:31:24,096 DEBUG   HandlerThread:18036 [handler.py:handle_request():126] handle_request: stop_status
2021-10-09 22:31:24,096 DEBUG   SenderThread:18036 [sender.py:send_request():199] send_request: stop_status
2021-10-09 22:31:39,900 DEBUG   SenderThread:18036 [sender.py:send():185] send: stats
2021-10-09 22:31:50,289 DEBUG   HandlerThread:18036 [handler.py:handle_request():126] handle_request: stop_status
2021-10-09 22:31:50,290 DEBUG   SenderThread:18036 [sender.py:send_request():199] send_request: stop_status
2021-10-09 22:32:08,472 DEBUG   HandlerThread:18036 [handler.py:handle_request():126] handle_request: stop_status
2021-10-09 22:32:08,472 DEBUG   SenderThread:18036 [sender.py:send_request():199] send_request: stop_status
2021-10-09 22:32:33,050 DEBUG   SenderThread:18036 [sender.py:send():185] send: stats
2021-10-09 22:32:46,330 DEBUG   SenderThread:18036 [sender.py:send():185] send: stats
2021-10-09 22:32:48,166 DEBUG   HandlerThread:18036 [handler.py:handle_request():126] handle_request: stop_status
2021-10-09 22:32:48,166 DEBUG   SenderThread:18036 [sender.py:send_request():199] send_request: stop_status
2021-10-09 22:33:05,582 DEBUG   HandlerThread:18036 [handler.py:handle_request():126] handle_request: stop_status
2021-10-09 22:33:05,582 DEBUG   SenderThread:18036 [sender.py:send_request():199] send_request: stop_status
2021-10-09 22:33:11,572 ERROR   SenderThread:18036 [retry.py:__call__():126] Retry attempt failed:
Traceback (most recent call last):
  File "C:\Users\GB\anaconda3\envs\deepLearn\lib\site-packages\urllib3\connection.py", line 169, in _new_conn
    conn = connection.create_connection(
  File "C:\Users\GB\anaconda3\envs\deepLearn\lib\site-packages\urllib3\util\connection.py", line 73, in create_connection
    for res in socket.getaddrinfo(host, port, family, socket.SOCK_STREAM):
  File "C:\Users\GB\anaconda3\envs\deepLearn\lib\socket.py", line 918, in getaddrinfo
    for res in _socket.getaddrinfo(host, port, family, type, proto, flags):
socket.gaierror: [Errno 11001] getaddrinfo failed

During handling of the above exception, another exception occurred:

Traceback (most recent call last):
  File "C:\Users\GB\anaconda3\envs\deepLearn\lib\site-packages\urllib3\connectionpool.py", line 699, in urlopen
    httplib_response = self._make_request(
  File "C:\Users\GB\anaconda3\envs\deepLearn\lib\site-packages\urllib3\connectionpool.py", line 382, in _make_request
    self._validate_conn(conn)
  File "C:\Users\GB\anaconda3\envs\deepLearn\lib\site-packages\urllib3\connectionpool.py", line 1010, in _validate_conn
    conn.connect()
  File "C:\Users\GB\anaconda3\envs\deepLearn\lib\site-packages\urllib3\connection.py", line 353, in connect
    conn = self._new_conn()
  File "C:\Users\GB\anaconda3\envs\deepLearn\lib\site-packages\urllib3\connection.py", line 181, in _new_conn
    raise NewConnectionError(
urllib3.exceptions.NewConnectionError: <urllib3.connection.HTTPSConnection object at 0x000001FCA077A910>: Failed to establish a new connection: [Errno 11001] getaddrinfo failed

During handling of the above exception, another exception occurred:

Traceback (most recent call last):
  File "C:\Users\GB\anaconda3\envs\deepLearn\lib\site-packages\requests\adapters.py", line 439, in send
    resp = conn.urlopen(
  File "C:\Users\GB\anaconda3\envs\deepLearn\lib\site-packages\urllib3\connectionpool.py", line 755, in urlopen
    retries = retries.increment(
  File "C:\Users\GB\anaconda3\envs\deepLearn\lib\site-packages\urllib3\util\retry.py", line 574, in increment
    raise MaxRetryError(_pool, url, error or ResponseError(cause))
urllib3.exceptions.MaxRetryError: HTTPSConnectionPool(host='api.wandb.ai', port=443): Max retries exceeded with url: /graphql (Caused by NewConnectionError('<urllib3.connection.HTTPSConnection object at 0x000001FCA077A910>: Failed to establish a new connection: [Errno 11001] getaddrinfo failed'))

During handling of the above exception, another exception occurred:

Traceback (most recent call last):
  File "C:\Users\GB\anaconda3\envs\deepLearn\lib\site-packages\wandb\sdk\lib\retry.py", line 102, in __call__
    result = self._call_fn(*args, **kwargs)
  File "C:\Users\GB\anaconda3\envs\deepLearn\lib\site-packages\wandb\sdk\internal\internal_api.py", line 132, in execute
    return self.client.execute(*args, **kwargs)
  File "C:\Users\GB\anaconda3\envs\deepLearn\lib\site-packages\wandb\vendor\gql-0.2.0\gql\client.py", line 52, in execute
    result = self._get_result(document, *args, **kwargs)
  File "C:\Users\GB\anaconda3\envs\deepLearn\lib\site-packages\wandb\vendor\gql-0.2.0\gql\client.py", line 60, in _get_result
    return self.transport.execute(document, *args, **kwargs)
  File "C:\Users\GB\anaconda3\envs\deepLearn\lib\site-packages\wandb\vendor\gql-0.2.0\gql\transport\requests.py", line 38, in execute
    request = requests.post(self.url, **post_args)
  File "C:\Users\GB\anaconda3\envs\deepLearn\lib\site-packages\requests\api.py", line 119, in post
    return request('post', url, data=data, json=json, **kwargs)
  File "C:\Users\GB\anaconda3\envs\deepLearn\lib\site-packages\requests\api.py", line 61, in request
    return session.request(method=method, url=url, **kwargs)
  File "C:\Users\GB\anaconda3\envs\deepLearn\lib\site-packages\requests\sessions.py", line 542, in request
    resp = self.send(prep, **send_kwargs)
  File "C:\Users\GB\anaconda3\envs\deepLearn\lib\site-packages\requests\sessions.py", line 655, in send
    r = adapter.send(request, **kwargs)
  File "C:\Users\GB\anaconda3\envs\deepLearn\lib\site-packages\requests\adapters.py", line 516, in send
    raise ConnectionError(e, request=request)
requests.exceptions.ConnectionError: HTTPSConnectionPool(host='api.wandb.ai', port=443): Max retries exceeded with url: /graphql (Caused by NewConnectionError('<urllib3.connection.HTTPSConnection object at 0x000001FCA077A910>: Failed to establish a new connection: [Errno 11001] getaddrinfo failed'))
2021-10-09 22:33:19,597 DEBUG   SenderThread:18036 [sender.py:send():185] send: stats
2021-10-09 22:33:20,081 INFO    Thread-12 :18036 [dir_watcher.py:_on_file_modified():230] file/dir modified: C:\report\OgeettiiBot\server\wandb\run-20211009_221733-1fsizyod\files\output.log
2021-10-09 22:33:33,244 DEBUG   HandlerThread:18036 [handler.py:handle_request():126] handle_request: stop_status
2021-10-09 22:33:33,244 DEBUG   SenderThread:18036 [sender.py:send_request():199] send_request: stop_status
2021-10-09 22:33:49,905 DEBUG   HandlerThread:18036 [handler.py:handle_request():126] handle_request: stop_status
2021-10-09 22:33:49,905 DEBUG   SenderThread:18036 [sender.py:send_request():199] send_request: stop_status
2021-10-09 22:33:52,898 DEBUG   SenderThread:18036 [sender.py:send():185] send: stats
2021-10-09 22:34:05,667 DEBUG   HandlerThread:18036 [handler.py:handle_request():126] handle_request: stop_status
2021-10-09 22:34:05,668 DEBUG   SenderThread:18036 [sender.py:send_request():199] send_request: stop_status
2021-10-09 22:34:22,299 DEBUG   HandlerThread:18036 [handler.py:handle_request():126] handle_request: stop_status
2021-10-09 22:34:22,299 DEBUG   SenderThread:18036 [sender.py:send_request():199] send_request: stop_status
2021-10-09 22:34:26,107 DEBUG   SenderThread:18036 [sender.py:send():185] send: stats
2021-10-09 22:34:37,895 DEBUG   HandlerThread:18036 [handler.py:handle_request():126] handle_request: stop_status
2021-10-09 22:34:37,896 DEBUG   SenderThread:18036 [sender.py:send_request():199] send_request: stop_status
2021-10-09 22:34:54,530 DEBUG   HandlerThread:18036 [handler.py:handle_request():126] handle_request: stop_status
2021-10-09 22:34:54,530 DEBUG   SenderThread:18036 [sender.py:send_request():199] send_request: stop_status
2021-10-09 22:34:59,219 DEBUG   SenderThread:18036 [sender.py:send():185] send: stats
2021-10-09 22:35:10,143 DEBUG   HandlerThread:18036 [handler.py:handle_request():126] handle_request: stop_status
2021-10-09 22:35:10,143 DEBUG   SenderThread:18036 [sender.py:send_request():199] send_request: stop_status
2021-10-09 22:35:26,879 DEBUG   HandlerThread:18036 [handler.py:handle_request():126] handle_request: stop_status
2021-10-09 22:35:26,882 DEBUG   SenderThread:18036 [sender.py:send_request():199] send_request: stop_status
2021-10-09 22:35:32,329 DEBUG   SenderThread:18036 [sender.py:send():185] send: stats
2021-10-09 22:35:43,516 DEBUG   HandlerThread:18036 [handler.py:handle_request():126] handle_request: stop_status
2021-10-09 22:35:43,516 DEBUG   SenderThread:18036 [sender.py:send_request():199] send_request: stop_status
2021-10-09 22:36:02,319 DEBUG   HandlerThread:18036 [handler.py:handle_request():126] handle_request: stop_status
2021-10-09 22:36:02,319 DEBUG   SenderThread:18036 [sender.py:send_request():199] send_request: stop_status
2021-10-09 22:36:07,593 DEBUG   SenderThread:18036 [sender.py:send():185] send: stats
2021-10-09 22:36:17,997 DEBUG   HandlerThread:18036 [handler.py:handle_request():126] handle_request: stop_status
2021-10-09 22:36:17,997 DEBUG   SenderThread:18036 [sender.py:send_request():199] send_request: stop_status
2021-10-09 22:36:36,800 DEBUG   HandlerThread:18036 [handler.py:handle_request():126] handle_request: stop_status
2021-10-09 22:36:36,800 DEBUG   SenderThread:18036 [sender.py:send_request():199] send_request: stop_status
2021-10-09 22:36:43,694 DEBUG   SenderThread:18036 [sender.py:send():185] send: stats
2021-10-09 22:36:53,682 DEBUG   HandlerThread:18036 [handler.py:handle_request():126] handle_request: stop_status
2021-10-09 22:36:53,683 DEBUG   SenderThread:18036 [sender.py:send_request():199] send_request: stop_status
2021-10-09 22:37:09,490 DEBUG   HandlerThread:18036 [handler.py:handle_request():126] handle_request: stop_status
2021-10-09 22:37:09,490 DEBUG   SenderThread:18036 [sender.py:send_request():199] send_request: stop_status
2021-10-09 22:37:18,207 DEBUG   SenderThread:18036 [sender.py:send():185] send: stats
2021-10-09 22:37:25,201 DEBUG   HandlerThread:18036 [handler.py:handle_request():126] handle_request: stop_status
2021-10-09 22:37:25,201 DEBUG   SenderThread:18036 [sender.py:send_request():199] send_request: stop_status
2021-10-09 22:37:43,968 DEBUG   HandlerThread:18036 [handler.py:handle_request():126] handle_request: stop_status
2021-10-09 22:37:43,968 DEBUG   SenderThread:18036 [sender.py:send_request():199] send_request: stop_status
2021-10-09 22:37:51,788 DEBUG   SenderThread:18036 [sender.py:send():185] send: stats
2021-10-09 22:37:59,682 DEBUG   HandlerThread:18036 [handler.py:handle_request():126] handle_request: stop_status
2021-10-09 22:37:59,682 DEBUG   SenderThread:18036 [sender.py:send_request():199] send_request: stop_status
2021-10-09 22:38:15,418 DEBUG   HandlerThread:18036 [handler.py:handle_request():126] handle_request: stop_status
2021-10-09 22:38:15,418 DEBUG   SenderThread:18036 [sender.py:send_request():199] send_request: stop_status
2021-10-09 22:38:25,599 DEBUG   SenderThread:18036 [sender.py:send():185] send: stats
2021-10-09 22:38:32,008 DEBUG   HandlerThread:18036 [handler.py:handle_request():126] handle_request: stop_status
2021-10-09 22:38:32,008 DEBUG   SenderThread:18036 [sender.py:send_request():199] send_request: stop_status
2021-10-09 22:38:48,066 DEBUG   HandlerThread:18036 [handler.py:handle_request():126] handle_request: stop_status
2021-10-09 22:38:48,066 DEBUG   SenderThread:18036 [sender.py:send_request():199] send_request: stop_status
2021-10-09 22:39:06,822 DEBUG   SenderThread:18036 [sender.py:send():185] send: stats
2021-10-09 22:39:21,919 DEBUG   HandlerThread:18036 [handler.py:handle_request():126] handle_request: stop_status
2021-10-09 22:39:21,921 DEBUG   SenderThread:18036 [sender.py:send_request():199] send_request: stop_status
2021-10-09 22:39:35,402 DEBUG   SenderThread:18036 [sender.py:send():185] send: stats
2021-10-09 22:39:40,849 DEBUG   HandlerThread:18036 [handler.py:handle_request():126] handle_request: stop_status
2021-10-09 22:39:40,850 DEBUG   SenderThread:18036 [sender.py:send_request():199] send_request: stop_status
2021-10-09 22:39:59,488 DEBUG   HandlerThread:18036 [handler.py:handle_request():126] handle_request: stop_status
2021-10-09 22:39:59,488 DEBUG   SenderThread:18036 [sender.py:send_request():199] send_request: stop_status
2021-10-09 22:40:08,879 DEBUG   SenderThread:18036 [sender.py:send():185] send: stats
2021-10-09 22:40:16,180 DEBUG   HandlerThread:18036 [handler.py:handle_request():126] handle_request: stop_status
2021-10-09 22:40:16,180 DEBUG   SenderThread:18036 [sender.py:send_request():199] send_request: stop_status
2021-10-09 22:40:42,395 DEBUG   SenderThread:18036 [sender.py:send():185] send: stats
2021-10-09 22:40:43,002 DEBUG   HandlerThread:18036 [handler.py:handle_request():126] handle_request: stop_status
2021-10-09 22:40:43,002 DEBUG   SenderThread:18036 [sender.py:send_request():199] send_request: stop_status
2021-10-09 22:40:58,614 DEBUG   HandlerThread:18036 [handler.py:handle_request():126] handle_request: stop_status
2021-10-09 22:40:58,614 DEBUG   SenderThread:18036 [sender.py:send_request():199] send_request: stop_status
2021-10-09 22:41:14,237 DEBUG   HandlerThread:18036 [handler.py:handle_request():126] handle_request: stop_status
2021-10-09 22:41:14,237 DEBUG   SenderThread:18036 [sender.py:send_request():199] send_request: stop_status
2021-10-09 22:41:15,982 DEBUG   SenderThread:18036 [sender.py:send():185] send: stats
2021-10-09 22:41:29,941 DEBUG   HandlerThread:18036 [handler.py:handle_request():126] handle_request: stop_status
2021-10-09 22:41:29,941 DEBUG   SenderThread:18036 [sender.py:send_request():199] send_request: stop_status
2021-10-09 22:41:45,542 DEBUG   HandlerThread:18036 [handler.py:handle_request():126] handle_request: stop_status
2021-10-09 22:41:45,542 DEBUG   SenderThread:18036 [sender.py:send_request():199] send_request: stop_status
2021-10-09 22:41:49,414 DEBUG   SenderThread:18036 [sender.py:send():185] send: stats
2021-10-09 22:42:04,181 DEBUG   HandlerThread:18036 [handler.py:handle_request():126] handle_request: stop_status
2021-10-09 22:42:04,181 DEBUG   SenderThread:18036 [sender.py:send_request():199] send_request: stop_status
2021-10-09 22:42:19,767 DEBUG   HandlerThread:18036 [handler.py:handle_request():126] handle_request: stop_status
2021-10-09 22:42:19,767 DEBUG   SenderThread:18036 [sender.py:send_request():199] send_request: stop_status
2021-10-09 22:42:21,252 WARNING MainThread:18036 [internal.py:wandb_internal():145] Internal process interrupt: 1
2021-10-09 22:42:22,869 DEBUG   SenderThread:18036 [sender.py:send():185] send: stats
2021-10-09 22:42:31,343 WARNING MainThread:18036 [internal.py:is_dead():364] Internal process exiting, parent pid 14396 disappeared
2021-10-09 22:42:31,343 ERROR   MainThread:18036 [internal.py:wandb_internal():141] Internal process shutdown.
2021-10-09 22:42:31,944 INFO    WriterThread:18036 [datastore.py:close():281] close: C:\report\OgeettiiBot\server\wandb\run-20211009_221733-1fsizyod\run-1fsizyod.wandb
2021-10-09 22:42:31,945 INFO    SenderThread:18036 [sender.py:finish():986] shutting down sender
2021-10-09 22:42:31,945 INFO    SenderThread:18036 [dir_watcher.py:finish():283] shutting down directory watcher
2021-10-09 22:42:31,960 INFO    HandlerThread:18036 [handler.py:finish():683] shutting down handler
2021-10-09 22:42:32,949 INFO    SenderThread:18036 [dir_watcher.py:finish():313] scan: C:\report\OgeettiiBot\server\wandb\run-20211009_221733-1fsizyod\files
2021-10-09 22:42:32,950 INFO    SenderThread:18036 [dir_watcher.py:finish():327] scan save: C:\report\OgeettiiBot\server\wandb\run-20211009_221733-1fsizyod\files\conda-environment.yaml conda-environment.yaml
2021-10-09 22:42:32,950 INFO    SenderThread:18036 [dir_watcher.py:finish():327] scan save: C:\report\OgeettiiBot\server\wandb\run-20211009_221733-1fsizyod\files\config.yaml config.yaml
2021-10-09 22:42:32,952 INFO    SenderThread:18036 [dir_watcher.py:finish():327] scan save: C:\report\OgeettiiBot\server\wandb\run-20211009_221733-1fsizyod\files\output.log output.log
2021-10-09 22:42:32,953 INFO    SenderThread:18036 [dir_watcher.py:finish():327] scan save: C:\report\OgeettiiBot\server\wandb\run-20211009_221733-1fsizyod\files\requirements.txt requirements.txt
2021-10-09 22:42:32,968 INFO    SenderThread:18036 [dir_watcher.py:finish():327] scan save: C:\report\OgeettiiBot\server\wandb\run-20211009_221733-1fsizyod\files\wandb-metadata.json wandb-metadata.json
2021-10-09 22:42:32,969 INFO    SenderThread:18036 [dir_watcher.py:finish():327] scan save: C:\report\OgeettiiBot\server\wandb\run-20211009_221733-1fsizyod\files\wandb-summary.json wandb-summary.json
2021-10-09 22:42:32,974 INFO    SenderThread:18036 [file_pusher.py:finish():177] shutting down file pusher
2021-10-09 22:42:32,974 INFO    SenderThread:18036 [file_pusher.py:join():182] waiting for file pusher
2021-10-09 22:42:34,529 INFO    Thread-16 :18036 [upload_job.py:push():137] Uploaded file C:\report\OgeettiiBot\server\wandb\run-20211009_221733-1fsizyod\files\config.yaml
2021-10-09 22:42:36,623 INFO    Thread-19 :18036 [upload_job.py:push():137] Uploaded file C:\report\OgeettiiBot\server\wandb\run-20211009_221733-1fsizyod\files\wandb-summary.json
2021-10-09 22:42:37,444 INFO    Thread-17 :18036 [upload_job.py:push():137] Uploaded file C:\report\OgeettiiBot\server\wandb\run-20211009_221733-1fsizyod\files\output.log
2021-10-09 22:42:38,655 INFO    Thread-18 :18036 [upload_job.py:push():137] Uploaded file C:\report\OgeettiiBot\server\wandb\run-20211009_221733-1fsizyod\files\requirements.txt
2021-10-09 22:42:39,430 INFO    MainThread:18036 [internal.py:handle_exit():76] Internal process exited
